#
# A fatal error has been detected by the Java Runtime Environment:
#
#  EXCEPTION_ACCESS_VIOLATION (0xc0000005) at pc=0x000007fecd36d3cd, pid=4816, tid=11148
#
# JRE version: OpenJDK Runtime Environment Temurin-11.0.18+10 (11.0.18+10) (build 11.0.18+10)
# Java VM: OpenJDK 64-Bit Server VM Temurin-11.0.18+10 (11.0.18+10, mixed mode, tiered, compressed oops, g1 gc, windows-amd64)
# Problematic frame:
# V  [jvm.dll+0x2fd3cd]
#
# No core dump will be written. Minidumps are not enabled by default on client versions of Windows
#
# If you would like to submit a bug report, please visit:
#   https://github.com/adoptium/adoptium-support/issues
#

---------------  S U M M A R Y ------------

Command Line: -Dallure.results.directory=D:\DiplomBuyingTour\build\allure-results -Ddatasource=jdbc:mysql://185.119.57.164:3306/base_mysql -Djunit.jupiter.extensions.autodetection.enabled=true -Dorg.gradle.internal.worker.tmpdir=D:\DiplomBuyingTour\build\tmp\test\work -Dorg.gradle.native=false -Dselenide.headless -javaagent:C:\Users\Economist\.gradle\caches\modules-2\files-2.1\org.aspectj\aspectjweaver\1.9.5\1740dc9140103b796d1722668805fd4cf852780c\aspectjweaver-1.9.5.jar --add-opens=java.base/java.util=ALL-UNNAMED --add-opens=java.base/java.lang=ALL-UNNAMED -Xmx512m -Dfile.encoding=windows-1251 -Duser.country=RU -Duser.language=ru -Duser.variant -ea worker.org.gradle.process.internal.worker.GradleWorkerMain 'Gradle Test Executor 3'

Host: Intel(R) Core(TM) i3-4170 CPU @ 3.70GHz, 4 cores, 7G,  Windows 7 , 64 bit Build 7601 (6.1.7601.18015)
Time: Tue Feb 13 15:07:25 2024 elapsed time: 95.255476 seconds (0d 0h 1m 35s)

---------------  T H R E A D  ---------------

Current thread (0x0000000060167800):  GCTaskThread "GC Thread#1" [stack: 0x00000000609d0000,0x0000000060ad0000] [id=11148]

Stack: [0x00000000609d0000,0x0000000060ad0000],  sp=0x0000000060acf650,  free space=1021k
Native frames: (J=compiled Java code, j=interpreted, Vv=VM code, C=native code)
V  [jvm.dll+0x2fd3cd]
V  [jvm.dll+0x3272df]
V  [jvm.dll+0x328262]
V  [jvm.dll+0x326713]
V  [jvm.dll+0x33464e]
V  [jvm.dll+0x333041]
V  [jvm.dll+0x2d5210]
V  [jvm.dll+0x2d5141]
V  [jvm.dll+0x303c3b]
V  [jvm.dll+0x3336c6]
V  [jvm.dll+0x306a5d]
V  [jvm.dll+0x811a60]
V  [jvm.dll+0x79c904]
V  [jvm.dll+0x64e065]
C  [ucrtbase.DLL+0x1c1ae]
C  [kernel32.dll+0x1652d]
C  [ntdll.dll+0x2c541]


siginfo: EXCEPTION_ACCESS_VIOLATION (0xc0000005), reading address 0x00000000000000f7


Register to memory mapping:

RIP=0x000007fecd36d3cd jvm.dll
RAX=0x0000000000111180 points into unknown readable memory: 0xffffffffffffffff | ff ff ff ff ff ff ff ff
RBX=0x00000000645109a0 points into unknown readable memory: 0x000007fecd95e7d8 | d8 e7 95 cd fe 07 00 00
RCX=0x0000000000000014 is an unknown value
RDX=0xffffffffffffffff is an unknown value
RSP=0x0000000060acf650 points into unknown readable memory: 0x00000000e3e2e4a8 | a8 e4 e2 e3 00 00 00 00
RBP=0x0000000064510b10 points into unknown readable memory: 0x000007fecd95e790 | 90 e7 95 cd fe 07 00 00
RSI=0x000000001e0e8ff0 is pointing into metadata
RDI=0x00000000e3e2e718 is pointing into object: java.lang.reflect.Method 
{0x00000000e3e2e6f0} - klass: 'java/lang/reflect/Method'
 - ---- fields (total size 11 words):
 - 'override' 'Z' @12  false
 - volatile 'securityCheckCache' 'Ljava/lang/Object;' @16  NULL (0)
 - private volatile transient 'hasRealParameterData' 'Z' @20  false
 - private volatile transient 'parameters' '[Ljava/lang/reflect/Parameter;' @24  NULL (0)
 - private volatile transient strict 'declaredAnnotations' 'Ljava/util/Map;' @28  NULL (0)
 - private 'slot' 'I' @32  14 (e)
 - private 'modifiers' 'I' @36  1
 - private strict 'clazz' 'Ljava/lang/Class;' @40  a 'java/lang/Class'{0x00000000e0253d68} = 'java/util/AbstractMap' (e0253d68)
 - private 'name' 'Ljava/lang/String;' @44  "containsKey"{0x00000000e5b0a4e0} (e5b0a4e0)
 - private strict 'returnType' 'Ljava/lang/Class;' @48  a 'java/lang/Class'{0x00000000e027bdd0} = boolean (e027bdd0)
 - private strict 'parameterTypes' '[Ljava/lang/Class;' @52  a 'java/lang/Class'[1] {0x00000000e5be21b8} (e5be21b8)
 - private strict 'exceptionTypes' '[Ljava/lang/Class;' @56  a 'java/lang/Class'[0] {0x00000000e00376a0} (e00376a0)
 - private transient 'signature' 'Ljava/lang/String;' @60  NULL (0)
 - private transient 'genericInfo' 'Lsun/reflect/generics/repository/MethodRepository;' @64  NULL (0)
 - private 'annotations' '[B' @68  NULL (0)
 - private 'parameterAnnotations' '[B' @72  
[error occurred during error reporting (printing register info), id 0xc0000005, EXCEPTION_ACCESS_VIOLATION (0xc0000005) at pc=0x000007fecd41748e]

Registers:
RAX=0x0000000000111180, RBX=0x00000000645109a0, RCX=0x0000000000000014, RDX=0xffffffffffffffff
RSP=0x0000000060acf650, RBP=0x0000000064510b10, RSI=0x000000001e0e8ff0, RDI=0x00000000e3e2e718
R8 =0x00000000e3e2e738, R9 =0x0000000000000000, R10=0x00000000e3e2e738, R11=0x0000000064510b10
R12=0x0000000000000002, R13=0x000000000000000b, R14=0x000000001e0e8fe0, R15=0x00000000e3e2e6f0
RIP=0x000007fecd36d3cd, EFLAGS=0x0000000000010246

Top of Stack: (sp=0x0000000060acf650)
0x0000000060acf650:   00000000e3e2e4a8 00000000e3e2e6ad
0x0000000060acf660:   0000000000000002 00000000e3e2e561
0x0000000060acf670:   00000000e3e2e738 000007fecd3972df
0x0000000060acf680:   00000000e3e2e6e8 000007fecd3984e2
0x0000000060acf690:   00000000e3e2e560 0000000000000002
0x0000000060acf6a0:   0000000000000015 00000000e5be2160
0x0000000060acf6b0:   00000000e3e2e6f0 000007fecd398262
0x0000000060acf6c0:   0000000000000001 0000000000000002
0x0000000060acf6d0:   00000000645109a0 000007fecd369523
0x0000000060acf6e0:   00000000e0100000 0000000000020000
0x0000000060acf6f0:   000000000013a370 000007fecd3e1680
0x0000000060acf700:   00000000645109a0 0000000000000040
0x0000000060acf710:   0000000000110420 000007fecd95f2a0
0x0000000060acf720:   0000000000000000 00000000001103a0
0x0000000060acf730:   0000000000000100 000007fecd396713
0x0000000060acf740:   00000000e01bf7e0 00000000e01bf900 

Instructions: (pc=0x000007fecd36d3cd)
0x000007fecd36d2cd:   48 ff 47 20 48 8b 5c 24 30 48 83 c4 20 5f c3 cc
0x000007fecd36d2dd:   cc cc cc 48 89 5c 24 08 57 48 83 ec 20 48 8b 41
0x000007fecd36d2ed:   18 48 8b fa 48 8b 58 10 48 8b cb e8 13 87 00 00
0x000007fecd36d2fd:   84 c0 75 29 48 81 c3 90 00 00 00 48 8b 4b 20 48
0x000007fecd36d30d:   3b 4b 08 75 0c 48 8b cb e8 f6 dd f5 ff 48 8b 4b
0x000007fecd36d31d:   20 48 8b 43 38 48 89 3c c8 48 ff 43 20 48 8b 5c
0x000007fecd36d32d:   24 30 48 83 c4 20 5f c3 cc cc cc cc cc cc cc cc
0x000007fecd36d33d:   cc cc cc 48 89 5c 24 08 57 48 83 ec 20 48 8b 79
0x000007fecd36d34d:   10 48 8b da 48 83 cb 01 48 8b cf 48 8b d3 e8 b0
0x000007fecd36d35d:   86 00 00 84 c0 75 29 48 81 c7 90 00 00 00 48 8b
0x000007fecd36d36d:   4f 20 48 3b 4f 08 75 0c 48 8b cf e8 93 dd f5 ff
0x000007fecd36d37d:   48 8b 4f 20 48 8b 47 38 48 89 1c c8 48 ff 47 20
0x000007fecd36d38d:   48 8b 5c 24 30 48 83 c4 20 5f c3 cc cc cc cc cc
0x000007fecd36d39d:   cc cc cc 40 53 48 83 ec 20 8b 82 04 01 00 00 48
0x000007fecd36d3ad:   8b d9 d1 e8 a8 01 75 6b 48 8b 41 08 8b 88 c0 02
0x000007fecd36d3bd:   00 00 48 8b 80 b0 02 00 00 49 d3 e9 4a 8b 14 c8
0x000007fecd36d3cd:   48 8b 82 f8 00 00 00 83 b8 18 01 00 00 00 74 43
0x000007fecd36d3dd:   48 8b 4b 50 48 89 7c 24 30 49 c1 e8 09 48 8b 79
0x000007fecd36d3ed:   48 48 2b 79 40 49 03 f8 48 8b d7 e8 13 ca ff ff
0x000007fecd36d3fd:   84 c0 74 1a 80 7b 28 00 48 8d 4b 18 74 10 48 8b
0x000007fecd36d40d:   43 50 48 8b 50 40 48 03 d7 e8 55 e1 39 00 48 8b
0x000007fecd36d41d:   7c 24 30 48 83 c4 20 5b c3 cc cc cc cc cc cc cc
0x000007fecd36d42d:   cc cc cc 48 89 5c 24 10 48 89 74 24 18 55 57 41
0x000007fecd36d43d:   54 41 56 41 57 48 8b ec 48 83 ec 60 45 33 ff 4c
0x000007fecd36d44d:   89 01 4c 89 79 10 4c 8b e1 44 88 49 08 89 51 0c
0x000007fecd36d45d:   4c 89 79 18 4c 89 79 20 44 89 79 28 e8 d2 ca f3
0x000007fecd36d46d:   ff 48 8b 0d b3 45 7e 00 41 8b ff 4c 89 7d d8 45
0x000007fecd36d47d:   8b f7 44 89 7d e0 4c 89 7d e8 44 89 7d f0 48 85
0x000007fecd36d48d:   c9 0f 84 e4 00 00 00 8b 01 41 8b df 48 89 4d c0
0x000007fecd36d49d:   44 89 7d c8 0f 10 45 c0 48 89 4d c0 89 45 c8 0f
0x000007fecd36d4ad:   11 45 d8 0f 10 45 c0 0f 11 45 e8 85 c0 74 17 48
0x000007fecd36d4bd:   8b 41 18 48 8b 38 48 8b cf e8 05 40 f0 ff 48 8b 


Stack slot to memory mapping:
stack at sp + 0 slots: 0x00000000e3e2e4a8 is an oop: java.lang.ref.SoftReference 
{0x00000000e3e2e4a8} - klass: 'java/lang/ref/SoftReference'
 - ---- fields (total size 5 words):
 - private strict 'referent' 'Ljava/lang/Object;' @12  a 'java/lang/Class$ReflectionData'{0x00000000e3e2e4d0} (e3e2e4d0)
 - volatile strict 'queue' 'Ljava/lang/ref/ReferenceQueue;' @16  a 'java/lang/ref/ReferenceQueue$Null'{0x00000000e0282218} (e0282218)
 - volatile 'next' 'Ljava/lang/ref/Reference;' @20  NULL (0)
 - private transient strict 'discovered' 'Ljava/lang/ref/Reference;' @24  NULL (0)
 - private 'timestamp' 'J' @32  23580884 (167d0d4 0)
stack at sp + 1 slots: 0x00000000e3e2e6ad is pointing into object: java.lang.reflect.Method 
{0x00000000e3e2e680} - klass: 'java/lang/reflect/Method'
 - ---- fields (total size 11 words):
 - 'override' 'Z' @12  false
 - volatile 'securityCheckCache' 'Ljava/lang/Object;' @16  NULL (0)
 - private volatile transient 'hasRealParameterData' 'Z' @20  false
 - private volatile transient 'parameters' '[Ljava/lang/reflect/Parameter;' @24  NULL (0)
 - private volatile transient strict 'declaredAnnotations' 'Ljava/util/Map;' @28  NULL (0)
 - private 'slot' 'I' @32  15 (f)
 - private 'modifiers' 'I' @36  1
 - private strict 'clazz' 'Ljava/lang/Class;' @40  a 'java/lang/Class'{0x00000000e0253d68} = 'java/util/AbstractMap' (e0253d68)
 - private 'name' 'Ljava/lang/String;' @44  "containsValue"{0x00000000e2cb43b0} (e2cb43b0)
 - private strict 'returnType' 'Ljava/lang/Class;' @48  a 'java/lang/Class'{0x00000000e027bdd0} = boolean (e027bdd0)
 - private strict 'parameterTypes' '[Ljava/lang/Class;' @52  a 'java/lang/Class'[1] {0x00000000e3e2e6d8} (e3e2e6d8)
 - private strict 'exceptionTypes' '[Ljava/lang/Class;' @56  a 'java/lang/Class'[0] {0x00000000e00376a0} (e00376a0)
 - private transient 'signature' 'Ljava/lang/String;' @60  NULL (0)
 - private transient 'genericInfo' 'Lsun/reflect/generics/repository/MethodRepository;' @64  NULL (0)
 - private 'annotations' '[B' @68  NULL (0)
 - private 'parameterAnnotations' '[B' @72  NULL (0)
 - private 'annotationDefault' '[B' @76  NULL (0)
 - private volatile 'methodAccessor' 'Ljdk/internal/reflect/MethodAccessor;' @80  NULL (0)
 - private 'root' 'Ljava/lang/reflect/Method;' @84  NULL (0)
stack at sp + 2 slots: 0x0000000000000002 is an unknown value
stack at sp + 3 slots: 0x00000000e3e2e561 is pointing into object: [Ljava.lang.reflect.Method; 
{0x00000000e3e2e510} - klass: 'java/lang/reflect/Method'[]
 - length: 17
stack at sp + 4 slots: 0x00000000e3e2e738 is pointing into object: java.lang.reflect.Method 
{0x00000000e3e2e6f0} - klass: 'java/lang/reflect/Method'
 - ---- fields (total size 11 words):
 - 'override' 'Z' @12  false
 - volatile 'securityCheckCache' 'Ljava/lang/Object;' @16  NULL (0)
 - private volatile transient 'hasRealParameterData' 'Z' @20  false
 - private volatile transient 'parameters' '[Ljava/lang/reflect/Parameter;' @24  NULL (0)
 - private volatile transient strict 'declaredAnnotations' 'Ljava/util/Map;' @28  NULL (0)
 - private 'slot' 'I' @32  14 (e)
 - private 'modifiers' 'I' @36  1
 - private strict 'clazz' 'Ljava/lang/Class;' @40  a 'java/lang/Class'{0x00000000e0253d68} = 'java/util/AbstractMap' (e0253d68)
 - private 'name' 'Ljava/lang/String;' @44  "containsKey"{0x00000000e5b0a4e0} (e5b0a4e0)
 - private strict 'returnType' 'Ljava/lang/Class;' @48  a 'java/lang/Class'{0x00000000e027bdd0} = boolean (e027bdd0)
 - private strict 'parameterTypes' '[Ljava/lang/Class;' @52  a 'java/lang/Class'[1] {0x00000000e5be21b8} (e5be21b8)
 - private strict 'exceptionTypes' '[Ljava/lang/Class;' @56  a 'java/lang/Class'[0] {0x00000000e00376a0} (e00376a0)
 - private transient 'signature' 'Ljava/lang/String;' @60  NULL (0)
 - private transient 'genericInfo' 'Lsun/reflect/generics/repository/MethodRepository;' @64  NULL (0)
 - private 'annotations' '[B' @68  NULL (0)
 - private 'parameterAnnotations' '[B' @72  
[error occurred during error reporting (inspecting top of stack), id 0xc0000005, EXCEPTION_ACCESS_VIOLATION (0xc0000005) at pc=0x000007fecd41748e]


---------------  P R O C E S S  ---------------

Threads class SMR info:
_java_thread_list=0x00000000652299e0, length=27, elements={
0x00000000000f7000, 0x000000005e9fd000, 0x000000005ea07800, 0x000000005ea1f000,
0x000000005ea20000, 0x000000005ea22800, 0x000000005ea2a000, 0x000000001dea8000,
0x000000001deaa800, 0x000000001de5c800, 0x000000006110c800, 0x0000000060da9800,
0x0000000060f9f000, 0x00000000643ea800, 0x0000000064442800, 0x000000005f747800,
0x0000000061bad000, 0x0000000064433800, 0x0000000062e0e800, 0x0000000064a8b800,
0x0000000064a8c800, 0x000000006022a800, 0x000000006022b000, 0x000000006022c800,
0x000000006022c000, 0x000000006022d800, 0x000000006022e800
}

Java Threads: ( => current thread )
  0x00000000000f7000 JavaThread "main" [_thread_blocked, id=6468, stack(0x0000000001f30000,0x0000000002030000)]
  0x000000005e9fd000 JavaThread "Reference Handler" daemon [_thread_blocked, id=11852, stack(0x000000005ec20000,0x000000005ed20000)]
  0x000000005ea07800 JavaThread "Finalizer" daemon [_thread_blocked, id=8316, stack(0x000000005ee10000,0x000000005ef10000)]
  0x000000005ea1f000 JavaThread "Signal Dispatcher" daemon [_thread_blocked, id=9584, stack(0x000000005f060000,0x000000005f160000)]
  0x000000005ea20000 JavaThread "Attach Listener" daemon [_thread_blocked, id=8088, stack(0x000000005f2d0000,0x000000005f3d0000)]
  0x000000005ea22800 JavaThread "Service Thread" daemon [_thread_blocked, id=12232, stack(0x000000005ef60000,0x000000005f060000)]
  0x000000005ea2a000 JavaThread "C2 CompilerThread0" daemon [_thread_blocked, id=10208, stack(0x000000005f1c0000,0x000000005f2c0000)]
  0x000000001dea8000 JavaThread "C1 CompilerThread0" daemon [_thread_blocked, id=9832, stack(0x000000005f510000,0x000000005f610000)]
  0x000000001deaa800 JavaThread "Sweeper thread" daemon [_thread_blocked, id=5500, stack(0x000000005f620000,0x000000005f720000)]
  0x000000001de5c800 JavaThread "Common-Cleaner" daemon [_thread_blocked, id=9528, stack(0x000000005f410000,0x000000005f510000)]
  0x000000006110c800 JavaThread "Test worker" [_thread_blocked, id=9880, stack(0x0000000062590000,0x0000000062690000)]
  0x0000000060da9800 JavaThread "/127.0.0.1:60206 to /127.0.0.1:60163 workers Thread 2" [_thread_blocked, id=11792, stack(0x00000000627c0000,0x00000000628c0000)]
  0x0000000060f9f000 JavaThread "/127.0.0.1:60206 to /127.0.0.1:60163 workers Thread 3" [_thread_in_native, id=11468, stack(0x0000000062950000,0x0000000062a50000)]
  0x00000000643ea800 JavaThread "ForkJoinPool.commonPool-worker-3" daemon [_thread_blocked, id=10360, stack(0x0000000065f20000,0x0000000066020000)]
  0x0000000064442800 JavaThread "AsyncHttpClient-1-1" daemon [_thread_blocked, id=12004, stack(0x00000000659c0000,0x0000000065ac0000)]
  0x000000005f747800 JavaThread "ForkJoinPool.commonPool-worker-5" daemon [_thread_blocked, id=11052, stack(0x0000000067500000,0x0000000067600000)]
  0x0000000061bad000 JavaThread "ForkJoinPool.commonPool-worker-7" daemon [_thread_blocked, id=11476, stack(0x0000000065da0000,0x0000000065ea0000)]
  0x0000000064433800 JavaThread "Exec Default Executor" daemon [_thread_in_native, id=4804, stack(0x00000000676d0000,0x00000000677d0000)]
  0x0000000062e0e800 JavaThread "Driver Service Executor" daemon [_thread_blocked, id=11220, stack(0x0000000067a70000,0x0000000067b70000)]
  0x0000000064a8b800 JavaThread "Driver Service Executor" daemon [_thread_blocked, id=11648, stack(0x0000000067c10000,0x0000000067d10000)]
  0x0000000064a8c800 JavaThread "UrlChecker-2" daemon [_thread_blocked, id=11772, stack(0x0000000067e40000,0x0000000067f40000)]
  0x000000006022a800 JavaThread "Exec Stream Pumper" daemon [_thread_in_native, id=11388, stack(0x00000000680a0000,0x00000000681a0000)]
  0x000000006022b000 JavaThread "Exec Stream Pumper" daemon [_thread_in_native, id=6236, stack(0x00000000681e0000,0x00000000682e0000)]
  0x000000006022c800 JavaThread "AsyncHttpClient-1-2" daemon [_thread_in_native, id=10960, stack(0x0000000068580000,0x0000000068680000)]
  0x000000006022c000 JavaThread "AsyncHttpClient-1-3" daemon [_thread_in_native, id=9636, stack(0x0000000069920000,0x0000000069a20000)]
  0x000000006022d800 JavaThread "AsyncHttpClient-1-4" daemon [_thread_in_native, id=9836, stack(0x000000006aa90000,0x000000006ab90000)]
  0x000000006022e800 JavaThread "Webdrivers killer thread" daemon [_thread_blocked, id=5256, stack(0x0000000067860000,0x0000000067960000)]

Other Threads:
  0x000000001dea2000 VMThread "VM Thread" [stack: 0x000000005eb00000,0x000000005ec00000] [id=9680]
  0x000000006016b800 WatcherThread [stack: 0x000000005fcd0000,0x000000005fdd0000] [id=8596]
  0x000000000010f000 GCTaskThread "GC Thread#0" [stack: 0x0000000019f50000,0x000000001a050000] [id=12072]
=>0x0000000060167800 GCTaskThread "GC Thread#1" [stack: 0x00000000609d0000,0x0000000060ad0000] [id=11148]
  0x0000000060349000 GCTaskThread "GC Thread#2" [stack: 0x0000000060bb0000,0x0000000060cb0000] [id=11224]
  0x0000000061b8b000 GCTaskThread "GC Thread#3" [stack: 0x0000000062050000,0x0000000062150000] [id=5536]
  0x0000000000121800 ConcurrentGCThread "G1 Main Marker" [stack: 0x000000001b690000,0x000000001b790000] [id=10440]
  0x0000000000124800 ConcurrentGCThread "G1 Conc#0" [stack: 0x000000001b980000,0x000000001ba80000] [id=11788]
  0x000000001dde8800 ConcurrentGCThread "G1 Refine#0" [stack: 0x000000001dfe0000,0x000000001e0e0000] [id=9912]
  0x000000001dde9800 ConcurrentGCThread "G1 Young RemSet Sampling" [stack: 0x000000001ded0000,0x000000001dfd0000] [id=4684]

Threads with active compile tasks:
C2 CompilerThread0    95538 4177       4       org.aspectj.weaver.bcel.AtAjAttributes::getAnnotation (55 bytes)

VM state:at safepoint (normal execution)

VM Mutex/Monitor currently owned by a thread:  ([mutex/lock_event])
[0x00000000000f4350] Threads_lock - owner thread: 0x000000001dea2000
[0x00000000000f4b30] Heap_lock - owner thread: 0x000000006110c800

Heap address: 0x00000000e0000000, size: 512 MB, Compressed Oops mode: 32-bit
Narrow klass base: 0x0000000000000000, Narrow klass shift: 0
Compressed class space size: 1073741824 Address: 0x000000001e0e0000

Heap:
 garbage-first heap   total 131072K, used 115815K [0x00000000e0000000, 0x0000000100000000)
  region size 1024K, 52 young (53248K), 6 survivors (6144K)
 Metaspace       used 42831K, capacity 44121K, committed 44316K, reserved 1087488K
  class space    used 4868K, capacity 5379K, committed 5504K, reserved 1048576K
Heap Regions: E=young(eden), S=young(survivor), O=old, HS=humongous(starts), HC=humongous(continues), CS=collection set, F=free, A=archive, TAMS=top-at-mark-start (previous, next)
|   0|0x00000000e0000000, 0x00000000e0100000, 0x00000000e0100000|100%| O|  |TAMS 0x00000000e0100000, 0x00000000e0000000| Untracked 
|   1|0x00000000e0100000, 0x00000000e0200000, 0x00000000e0200000|100%| O|  |TAMS 0x00000000e0200000, 0x00000000e0100000| Untracked 
|   2|0x00000000e0200000, 0x00000000e0300000, 0x00000000e0300000|100%| O|  |TAMS 0x00000000e0300000, 0x00000000e0200000| Untracked 
|   3|0x00000000e0300000, 0x00000000e0400000, 0x00000000e0400000|100%| O|  |TAMS 0x00000000e0400000, 0x00000000e0300000| Untracked 
|   4|0x00000000e0400000, 0x00000000e0500000, 0x00000000e0500000|100%| O|  |TAMS 0x00000000e0500000, 0x00000000e0400000| Untracked 
|   5|0x00000000e0500000, 0x00000000e0600000, 0x00000000e0600000|100%| O|  |TAMS 0x00000000e0600000, 0x00000000e0500000| Untracked 
|   6|0x00000000e0600000, 0x00000000e0700000, 0x00000000e0700000|100%| O|  |TAMS 0x00000000e0700000, 0x00000000e0600000| Untracked 
|   7|0x00000000e0700000, 0x00000000e0800000, 0x00000000e0800000|100%| O|  |TAMS 0x00000000e0800000, 0x00000000e0700000| Untracked 
|   8|0x00000000e0800000, 0x00000000e0900000, 0x00000000e0900000|100%| O|  |TAMS 0x00000000e0900000, 0x00000000e0800000| Untracked 
|   9|0x00000000e0900000, 0x00000000e0a00000, 0x00000000e0a00000|100%| O|  |TAMS 0x00000000e0a00000, 0x00000000e0900000| Untracked 
|  10|0x00000000e0a00000, 0x00000000e0b00000, 0x00000000e0b00000|100%| O|  |TAMS 0x00000000e0b00000, 0x00000000e0a00000| Untracked 
|  11|0x00000000e0b00000, 0x00000000e0c00000, 0x00000000e0c00000|100%| O|  |TAMS 0x00000000e0c00000, 0x00000000e0b00000| Untracked 
|  12|0x00000000e0c00000, 0x00000000e0d00000, 0x00000000e0d00000|100%| O|  |TAMS 0x00000000e0d00000, 0x00000000e0c00000| Untracked 
|  13|0x00000000e0d00000, 0x00000000e0e00000, 0x00000000e0e00000|100%| O|  |TAMS 0x00000000e0e00000, 0x00000000e0d00000| Untracked 
|  14|0x00000000e0e00000, 0x00000000e0f00000, 0x00000000e0f00000|100%| O|  |TAMS 0x00000000e0f00000, 0x00000000e0e00000| Untracked 
|  15|0x00000000e0f00000, 0x00000000e1000000, 0x00000000e1000000|100%| O|  |TAMS 0x00000000e1000000, 0x00000000e0f00000| Untracked 
|  16|0x00000000e1000000, 0x00000000e1100000, 0x00000000e1100000|100%| O|  |TAMS 0x00000000e1100000, 0x00000000e1000000| Untracked 
|  17|0x00000000e1100000, 0x00000000e1200000, 0x00000000e1200000|100%| O|  |TAMS 0x00000000e1200000, 0x00000000e1100000| Untracked 
|  18|0x00000000e1200000, 0x00000000e1300000, 0x00000000e1300000|100%| O|  |TAMS 0x00000000e1300000, 0x00000000e1200000| Untracked 
|  19|0x00000000e1300000, 0x00000000e1400000, 0x00000000e1400000|100%| O|  |TAMS 0x00000000e1400000, 0x00000000e1300000| Untracked 
|  20|0x00000000e1400000, 0x00000000e1500000, 0x00000000e1500000|100%| O|  |TAMS 0x00000000e1500000, 0x00000000e1400000| Untracked 
|  21|0x00000000e1500000, 0x00000000e1600000, 0x00000000e1600000|100%| O|  |TAMS 0x00000000e1600000, 0x00000000e1500000| Untracked 
|  22|0x00000000e1600000, 0x00000000e1700000, 0x00000000e1700000|100%| O|  |TAMS 0x00000000e1700000, 0x00000000e1600000| Untracked 
|  23|0x00000000e1700000, 0x00000000e1800000, 0x00000000e1800000|100%| O|  |TAMS 0x00000000e1800000, 0x00000000e1700000| Untracked 
|  24|0x00000000e1800000, 0x00000000e1900000, 0x00000000e1900000|100%| O|  |TAMS 0x00000000e1900000, 0x00000000e1800000| Untracked 
|  25|0x00000000e1900000, 0x00000000e1a00000, 0x00000000e1a00000|100%| O|  |TAMS 0x00000000e1a00000, 0x00000000e1900000| Untracked 
|  26|0x00000000e1a00000, 0x00000000e1b00000, 0x00000000e1b00000|100%| O|  |TAMS 0x00000000e1b00000, 0x00000000e1a00000| Untracked 
|  27|0x00000000e1b00000, 0x00000000e1c00000, 0x00000000e1c00000|100%| O|  |TAMS 0x00000000e1c00000, 0x00000000e1b00000| Untracked 
|  28|0x00000000e1c00000, 0x00000000e1d00000, 0x00000000e1d00000|100%| O|  |TAMS 0x00000000e1d00000, 0x00000000e1c00000| Untracked 
|  29|0x00000000e1d00000, 0x00000000e1e00000, 0x00000000e1e00000|100%| O|  |TAMS 0x00000000e1e00000, 0x00000000e1d00000| Untracked 
|  30|0x00000000e1e00000, 0x00000000e1f00000, 0x00000000e1f00000|100%| O|  |TAMS 0x00000000e1f00000, 0x00000000e1e00000| Untracked 
|  31|0x00000000e1f00000, 0x00000000e2000000, 0x00000000e2000000|100%| O|  |TAMS 0x00000000e2000000, 0x00000000e1f00000| Untracked 
|  32|0x00000000e2000000, 0x00000000e2100000, 0x00000000e2100000|100%| O|  |TAMS 0x00000000e2100000, 0x00000000e2000000| Untracked 
|  33|0x00000000e2100000, 0x00000000e2200000, 0x00000000e2200000|100%| O|  |TAMS 0x00000000e2200000, 0x00000000e2100000| Untracked 
|  34|0x00000000e2200000, 0x00000000e2300000, 0x00000000e2300000|100%| O|  |TAMS 0x00000000e2300000, 0x00000000e2200000| Untracked 
|  35|0x00000000e2300000, 0x00000000e2400000, 0x00000000e2400000|100%| O|  |TAMS 0x00000000e2400000, 0x00000000e2300000| Untracked 
|  36|0x00000000e2400000, 0x00000000e2500000, 0x00000000e2500000|100%| O|  |TAMS 0x00000000e2500000, 0x00000000e2400000| Untracked 
|  37|0x00000000e2500000, 0x00000000e2600000, 0x00000000e2600000|100%| O|  |TAMS 0x00000000e2600000, 0x00000000e2500000| Untracked 
|  38|0x00000000e2600000, 0x00000000e2700000, 0x00000000e2700000|100%| O|  |TAMS 0x00000000e2700000, 0x00000000e2600000| Untracked 
|  39|0x00000000e2700000, 0x00000000e2800000, 0x00000000e2800000|100%| O|  |TAMS 0x00000000e2800000, 0x00000000e2700000| Untracked 
|  40|0x00000000e2800000, 0x00000000e2900000, 0x00000000e2900000|100%| O|  |TAMS 0x00000000e2900000, 0x00000000e2800000| Untracked 
|  41|0x00000000e2900000, 0x00000000e2a00000, 0x00000000e2a00000|100%| O|  |TAMS 0x00000000e2a00000, 0x00000000e2900000| Untracked 
|  42|0x00000000e2a00000, 0x00000000e2b00000, 0x00000000e2b00000|100%| O|  |TAMS 0x00000000e2b00000, 0x00000000e2a00000| Untracked 
|  43|0x00000000e2b00000, 0x00000000e2c00000, 0x00000000e2c00000|100%| O|  |TAMS 0x00000000e2c00000, 0x00000000e2b00000| Untracked 
|  44|0x00000000e2c00000, 0x00000000e2d00000, 0x00000000e2d00000|100%| O|  |TAMS 0x00000000e2c44600, 0x00000000e2c00000| Untracked 
|  45|0x00000000e2d00000, 0x00000000e2e00000, 0x00000000e2e00000|100%|HS|  |TAMS 0x00000000e2d00000, 0x00000000e2d00000| Complete 
|  46|0x00000000e2e00000, 0x00000000e2f00000, 0x00000000e2f00000|100%|HC|  |TAMS 0x00000000e2e00000, 0x00000000e2e00000| Complete 
|  47|0x00000000e2f00000, 0x00000000e3000000, 0x00000000e3000000|100%|HC|  |TAMS 0x00000000e2f00000, 0x00000000e2f00000| Complete 
|  48|0x00000000e3000000, 0x00000000e3100000, 0x00000000e3100000|100%|HC|  |TAMS 0x00000000e3000000, 0x00000000e3000000| Complete 
|  49|0x00000000e3100000, 0x00000000e3200000, 0x00000000e3200000|100%|HC|  |TAMS 0x00000000e3100000, 0x00000000e3100000| Complete 
|  50|0x00000000e3200000, 0x00000000e3300000, 0x00000000e3300000|100%|HC|  |TAMS 0x00000000e3200000, 0x00000000e3200000| Complete 
|  51|0x00000000e3300000, 0x00000000e3400000, 0x00000000e3400000|100%|HC|  |TAMS 0x00000000e3300000, 0x00000000e3300000| Complete 
|  52|0x00000000e3400000, 0x00000000e3500000, 0x00000000e3500000|100%|HC|  |TAMS 0x00000000e3400000, 0x00000000e3400000| Complete 
|  53|0x00000000e3500000, 0x00000000e3600000, 0x00000000e3600000|100%|HC|  |TAMS 0x00000000e3500000, 0x00000000e3500000| Complete 
|  54|0x00000000e3600000, 0x00000000e3700000, 0x00000000e3700000|100%|HC|  |TAMS 0x00000000e3600000, 0x00000000e3600000| Complete 
|  55|0x00000000e3700000, 0x00000000e3800000, 0x00000000e3800000|100%|HC|  |TAMS 0x00000000e3700000, 0x00000000e3700000| Complete 
|  56|0x00000000e3800000, 0x00000000e3900000, 0x00000000e3900000|100%|HC|  |TAMS 0x00000000e3800000, 0x00000000e3800000| Complete 
|  57|0x00000000e3900000, 0x00000000e3a00000, 0x00000000e3a00000|100%|HC|  |TAMS 0x00000000e3900000, 0x00000000e3900000| Complete 
|  58|0x00000000e3a00000, 0x00000000e3b00000, 0x00000000e3b00000|100%|HC|  |TAMS 0x00000000e3a00000, 0x00000000e3a00000| Complete 
|  59|0x00000000e3b00000, 0x00000000e3c00000, 0x00000000e3c00000|100%|HC|  |TAMS 0x00000000e3b00000, 0x00000000e3b00000| Complete 
|  60|0x00000000e3c00000, 0x00000000e3d00000, 0x00000000e3d00000|100%|HC|  |TAMS 0x00000000e3c00000, 0x00000000e3c00000| Complete 
|  61|0x00000000e3d00000, 0x00000000e3e00000, 0x00000000e3e00000|100%|HC|  |TAMS 0x00000000e3d00000, 0x00000000e3d00000| Complete 
|  62|0x00000000e3e00000, 0x00000000e3f00000, 0x00000000e3f00000|100%| O|  |TAMS 0x00000000e3e00000, 0x00000000e3e00000| Untracked 
|  63|0x00000000e3f00000, 0x00000000e4000000, 0x00000000e4000000|100%| O|  |TAMS 0x00000000e3f00000, 0x00000000e3f00000| Untracked 
|  64|0x00000000e4000000, 0x00000000e4062478, 0x00000000e4100000| 38%| O|  |TAMS 0x00000000e4000000, 0x00000000e4000000| Untracked 
|  65|0x00000000e4100000, 0x00000000e4100000, 0x00000000e4200000|  0%| F|  |TAMS 0x00000000e4100000, 0x00000000e4100000| Untracked 
|  66|0x00000000e4200000, 0x00000000e4200000, 0x00000000e4300000|  0%| F|  |TAMS 0x00000000e4200000, 0x00000000e4200000| Untracked 
|  67|0x00000000e4300000, 0x00000000e4300000, 0x00000000e4400000|  0%| F|  |TAMS 0x00000000e4300000, 0x00000000e4300000| Untracked 
|  68|0x00000000e4400000, 0x00000000e4400000, 0x00000000e4500000|  0%| F|  |TAMS 0x00000000e4400000, 0x00000000e4400000| Untracked 
|  69|0x00000000e4500000, 0x00000000e4500000, 0x00000000e4600000|  0%| F|  |TAMS 0x00000000e4500000, 0x00000000e4500000| Untracked 
|  70|0x00000000e4600000, 0x00000000e46fd760, 0x00000000e4700000| 99%| S|  |TAMS 0x00000000e4600000, 0x00000000e4600000| Complete 
|  71|0x00000000e4700000, 0x00000000e4800000, 0x00000000e4800000|100%| S|  |TAMS 0x00000000e4700000, 0x00000000e4700000| Complete 
|  72|0x00000000e4800000, 0x00000000e4900000, 0x00000000e4900000|100%| S|  |TAMS 0x00000000e4800000, 0x00000000e4800000| Complete 
|  73|0x00000000e4900000, 0x00000000e4a00000, 0x00000000e4a00000|100%| S|  |TAMS 0x00000000e4900000, 0x00000000e4900000| Complete 
|  74|0x00000000e4a00000, 0x00000000e4b00000, 0x00000000e4b00000|100%| S|  |TAMS 0x00000000e4a00000, 0x00000000e4a00000| Complete 
|  75|0x00000000e4b00000, 0x00000000e4c00000, 0x00000000e4c00000|100%| S|  |TAMS 0x00000000e4b00000, 0x00000000e4b00000| Complete 
|  76|0x00000000e4c00000, 0x00000000e4d00000, 0x00000000e4d00000|100%| E|CS|TAMS 0x00000000e4c00000, 0x00000000e4c00000| Complete 
|  77|0x00000000e4d00000, 0x00000000e4e00000, 0x00000000e4e00000|100%| E|CS|TAMS 0x00000000e4d00000, 0x00000000e4d00000| Complete 
|  78|0x00000000e4e00000, 0x00000000e4f00000, 0x00000000e4f00000|100%| E|CS|TAMS 0x00000000e4e00000, 0x00000000e4e00000| Complete 
|  79|0x00000000e4f00000, 0x00000000e5000000, 0x00000000e5000000|100%| E|CS|TAMS 0x00000000e4f00000, 0x00000000e4f00000| Complete 
|  80|0x00000000e5000000, 0x00000000e5100000, 0x00000000e5100000|100%| E|CS|TAMS 0x00000000e5000000, 0x00000000e5000000| Complete 
|  81|0x00000000e5100000, 0x00000000e5200000, 0x00000000e5200000|100%| E|CS|TAMS 0x00000000e5100000, 0x00000000e5100000| Complete 
|  82|0x00000000e5200000, 0x00000000e5300000, 0x00000000e5300000|100%| E|CS|TAMS 0x00000000e5200000, 0x00000000e5200000| Complete 
|  83|0x00000000e5300000, 0x00000000e5400000, 0x00000000e5400000|100%| E|CS|TAMS 0x00000000e5300000, 0x00000000e5300000| Complete 
|  84|0x00000000e5400000, 0x00000000e5500000, 0x00000000e5500000|100%| E|CS|TAMS 0x00000000e5400000, 0x00000000e5400000| Complete 
|  85|0x00000000e5500000, 0x00000000e5600000, 0x00000000e5600000|100%| E|CS|TAMS 0x00000000e5500000, 0x00000000e5500000| Complete 
|  86|0x00000000e5600000, 0x00000000e56d5980, 0x00000000e5700000| 83%| E|CS|TAMS 0x00000000e5600000, 0x00000000e5600000| Complete 
|  87|0x00000000e5700000, 0x00000000e5800000, 0x00000000e5800000|100%| E|CS|TAMS 0x00000000e5700000, 0x00000000e5700000| Complete 
|  88|0x00000000e5800000, 0x00000000e5900000, 0x00000000e5900000|100%| E|CS|TAMS 0x00000000e5800000, 0x00000000e5800000| Complete 
|  89|0x00000000e5900000, 0x00000000e5a00000, 0x00000000e5a00000|100%| E|CS|TAMS 0x00000000e5900000, 0x00000000e5900000| Complete 
|  90|0x00000000e5a00000, 0x00000000e5b00000, 0x00000000e5b00000|100%| E|CS|TAMS 0x00000000e5a00000, 0x00000000e5a00000| Complete 
|  91|0x00000000e5b00000, 0x00000000e5c00000, 0x00000000e5c00000|100%| E|CS|TAMS 0x00000000e5b00000, 0x00000000e5b00000| Complete 
|  92|0x00000000e5c00000, 0x00000000e5d00000, 0x00000000e5d00000|100%| E|CS|TAMS 0x00000000e5c00000, 0x00000000e5c00000| Complete 
|  93|0x00000000e5d00000, 0x00000000e5e00000, 0x00000000e5e00000|100%| E|CS|TAMS 0x00000000e5d00000, 0x00000000e5d00000| Complete 
|  94|0x00000000e5e00000, 0x00000000e5f00000, 0x00000000e5f00000|100%| E|CS|TAMS 0x00000000e5e00000, 0x00000000e5e00000| Complete 
|  95|0x00000000e5f00000, 0x00000000e6000000, 0x00000000e6000000|100%| E|CS|TAMS 0x00000000e5f00000, 0x00000000e5f00000| Complete 
|  96|0x00000000e6000000, 0x00000000e6100000, 0x00000000e6100000|100%| E|CS|TAMS 0x00000000e6000000, 0x00000000e6000000| Complete 
|  97|0x00000000e6100000, 0x00000000e6200000, 0x00000000e6200000|100%| E|CS|TAMS 0x00000000e6100000, 0x00000000e6100000| Complete 
|  98|0x00000000e6200000, 0x00000000e6300000, 0x00000000e6300000|100%| E|CS|TAMS 0x00000000e6200000, 0x00000000e6200000| Complete 
|  99|0x00000000e6300000, 0x00000000e6400000, 0x00000000e6400000|100%| E|CS|TAMS 0x00000000e6300000, 0x00000000e6300000| Complete 
| 100|0x00000000e6400000, 0x00000000e6500000, 0x00000000e6500000|100%| E|CS|TAMS 0x00000000e6400000, 0x00000000e6400000| Complete 
| 101|0x00000000e6500000, 0x00000000e6600000, 0x00000000e6600000|100%| E|CS|TAMS 0x00000000e6500000, 0x00000000e6500000| Complete 
| 102|0x00000000e6600000, 0x00000000e6700000, 0x00000000e6700000|100%| E|CS|TAMS 0x00000000e6600000, 0x00000000e6600000| Complete 
| 103|0x00000000e6700000, 0x00000000e6800000, 0x00000000e6800000|100%| E|CS|TAMS 0x00000000e6700000, 0x00000000e6700000| Complete 
| 104|0x00000000e6800000, 0x00000000e6900000, 0x00000000e6900000|100%| E|CS|TAMS 0x00000000e6800000, 0x00000000e6800000| Complete 
| 105|0x00000000e6900000, 0x00000000e6a00000, 0x00000000e6a00000|100%| E|CS|TAMS 0x00000000e6900000, 0x00000000e6900000| Complete 
| 106|0x00000000e6a00000, 0x00000000e6b00000, 0x00000000e6b00000|100%| E|CS|TAMS 0x00000000e6a00000, 0x00000000e6a00000| Complete 
| 107|0x00000000e6b00000, 0x00000000e6c00000, 0x00000000e6c00000|100%| E|CS|TAMS 0x00000000e6b00000, 0x00000000e6b00000| Complete 
| 108|0x00000000e6c00000, 0x00000000e6d00000, 0x00000000e6d00000|100%| E|CS|TAMS 0x00000000e6c00000, 0x00000000e6c00000| Complete 
| 109|0x00000000e6d00000, 0x00000000e6e00000, 0x00000000e6e00000|100%| E|CS|TAMS 0x00000000e6d00000, 0x00000000e6d00000| Complete 
| 110|0x00000000e6e00000, 0x00000000e6f00000, 0x00000000e6f00000|100%| E|CS|TAMS 0x00000000e6e00000, 0x00000000e6e00000| Complete 
| 111|0x00000000e6f00000, 0x00000000e7000000, 0x00000000e7000000|100%| E|CS|TAMS 0x00000000e6f00000, 0x00000000e6f00000| Complete 
| 112|0x00000000e7000000, 0x00000000e7100000, 0x00000000e7100000|100%| E|CS|TAMS 0x00000000e7000000, 0x00000000e7000000| Complete 
| 113|0x00000000e7100000, 0x00000000e7200000, 0x00000000e7200000|100%| E|CS|TAMS 0x00000000e7100000, 0x00000000e7100000| Complete 
| 114|0x00000000e7200000, 0x00000000e7300000, 0x00000000e7300000|100%| E|CS|TAMS 0x00000000e7200000, 0x00000000e7200000| Complete 
| 115|0x00000000e7300000, 0x00000000e7400000, 0x00000000e7400000|100%| E|CS|TAMS 0x00000000e7300000, 0x00000000e7300000| Complete 
| 116|0x00000000e7400000, 0x00000000e7500000, 0x00000000e7500000|100%| E|CS|TAMS 0x00000000e7400000, 0x00000000e7400000| Complete 
| 117|0x00000000e7500000, 0x00000000e7600000, 0x00000000e7600000|100%| E|CS|TAMS 0x00000000e7500000, 0x00000000e7500000| Complete 
| 118|0x00000000e7600000, 0x00000000e7700000, 0x00000000e7700000|100%| E|CS|TAMS 0x00000000e7600000, 0x00000000e7600000| Complete 
| 119|0x00000000e7700000, 0x00000000e7800000, 0x00000000e7800000|100%| E|CS|TAMS 0x00000000e7700000, 0x00000000e7700000| Complete 
| 120|0x00000000e7800000, 0x00000000e7900000, 0x00000000e7900000|100%| E|CS|TAMS 0x00000000e7800000, 0x00000000e7800000| Complete 
| 121|0x00000000e7900000, 0x00000000e7a00000, 0x00000000e7a00000|100%| E|CS|TAMS 0x00000000e7900000, 0x00000000e7900000| Complete 
| 122|0x00000000e7a00000, 0x00000000e7b00000, 0x00000000e7b00000|100%| E|CS|TAMS 0x00000000e7a00000, 0x00000000e7a00000| Complete 
| 123|0x00000000e7b00000, 0x00000000e7c00000, 0x00000000e7c00000|100%| E|CS|TAMS 0x00000000e7b00000, 0x00000000e7b00000| Complete 
| 124|0x00000000e7c00000, 0x00000000e7d00000, 0x00000000e7d00000|100%| E|CS|TAMS 0x00000000e7c00000, 0x00000000e7c00000| Complete 
| 125|0x00000000e7d00000, 0x00000000e7e00000, 0x00000000e7e00000|100%| E|CS|TAMS 0x00000000e7d00000, 0x00000000e7d00000| Complete 
| 126|0x00000000e7e00000, 0x00000000e7f00000, 0x00000000e7f00000|100%| E|CS|TAMS 0x00000000e7e00000, 0x00000000e7e00000| Complete 
| 127|0x00000000e7f00000, 0x00000000e8000000, 0x00000000e8000000|100%| E|CS|TAMS 0x00000000e7f00000, 0x00000000e7f00000| Complete 

Card table byte_map: [0x000000001a480000,0x000000001a580000] _byte_map_base: 0x0000000019d80000

Marking Bits (Prev, Next): (CMBitMap*) 0x000000000011ea50, (CMBitMap*) 0x000000000011ea18
 Prev Bits: [0x000000001ae80000, 0x000000001b680000)
 Next Bits: [0x000000001a680000, 0x000000001ae80000)

Polling page: 0x0000000001ea0000

Metaspace:

Usage:
  Non-class:     37.83 MB capacity,    37.07 MB ( 98%) used,   628.36 KB (  2%) free+waste,   150.75 KB ( <1%) overhead. 
      Class:      5.25 MB capacity,     4.75 MB ( 91%) used,   437.82 KB (  8%) free+waste,    72.94 KB (  1%) overhead. 
       Both:     43.09 MB capacity,    41.83 MB ( 97%) used,     1.04 MB (  2%) free+waste,   223.69 KB ( <1%) overhead. 

Virtual space:
  Non-class space:       38.00 MB reserved,      37.90 MB (>99%) committed 
      Class space:        1.00 GB reserved,       5.38 MB ( <1%) committed 
             Both:        1.04 GB reserved,      43.28 MB (  4%) committed 

Chunk freelists:
   Non-Class:  6.00 KB
       Class:  0 bytes
        Both:  6.00 KB

MaxMetaspaceSize: 17179869184.00 GB
CompressedClassSpaceSize: 1.00 GB
Initial GC threshold: 20.80 MB
Current GC threshold: 68.59 MB
CDS: off

CodeHeap 'non-profiled nmethods': size=120064Kb used=3509Kb max_used=3509Kb free=116555Kb
 bounds [0x00000000126e0000, 0x0000000012a50000, 0x0000000019c20000]
CodeHeap 'profiled nmethods': size=120000Kb used=10212Kb max_used=10212Kb free=109787Kb
 bounds [0x000000000b1b0000, 0x000000000bbb0000, 0x00000000126e0000]
CodeHeap 'non-nmethods': size=5696Kb used=1274Kb max_used=1318Kb free=4421Kb
 bounds [0x000000000ac20000, 0x000000000ae90000, 0x000000000b1b0000]
 total_blobs=4658 nmethods=4096 adapters=474
 compilation: enabled
              stopped_count=0, restarted_count=0
 full_count=0

Compilation events (20 events):
Event: 91.149 Thread 0x000000001dea8000 4168       3       java.lang.invoke.LambdaForm$MH/0x000000001e3a2c40::linkToTargetMethod (10 bytes)
Event: 91.149 Thread 0x000000005ea2a000 nmethod 4167 0x0000000012a4c510 code [0x0000000012a4c6a0, 0x0000000012a4c6f8]
Event: 91.149 Thread 0x000000001dea8000 nmethod 4168 0x000000000bba5610 code [0x000000000bba57e0, 0x000000000bba5b78]
Event: 91.149 Thread 0x000000001dea8000 4169       3       java.lang.invoke.DirectMethodHandle$Holder::invokeStatic (15 bytes)
Event: 91.149 Thread 0x000000001dea8000 nmethod 4169 0x000000000bba5c90 code [0x000000000bba5e60, 0x000000000bba6338]
Event: 91.149 Thread 0x000000001dea8000 4170       3       org.junit.platform.engine.UniqueIdFormat::checkDoesNotContain (24 bytes)
Event: 91.149 Thread 0x000000005ea2a000 4173       4       java.lang.invoke.DirectMethodHandle$Holder::invokeStatic (14 bytes)
Event: 91.150 Thread 0x000000005ea2a000 nmethod 4173 0x0000000012a4c810 code [0x0000000012a4c9c0, 0x0000000012a4ca68]
Event: 91.151 Thread 0x000000001dea8000 nmethod 4170 0x000000000bba6490 code [0x000000000bba67e0, 0x000000000bba7ca8]
Event: 91.151 Thread 0x000000001dea8000 4171       3       org.junit.platform.engine.UniqueIdFormat$$Lambda$299/0x000000001e3a2840::get$Lambda (10 bytes)
Event: 91.151 Thread 0x000000001dea8000 nmethod 4171 0x000000000bba8490 code [0x000000000bba8660, 0x000000000bba88b8]
Event: 91.151 Thread 0x000000001dea8000 4172       3       org.junit.platform.engine.UniqueIdFormat$$Lambda$299/0x000000001e3a2840::<init> (15 bytes)
Event: 91.151 Thread 0x000000001dea8000 nmethod 4172 0x000000000bba8990 code [0x000000000bba8b40, 0x000000000bba8cf8]
Event: 91.151 Thread 0x000000005ea2a000 4174       4       java.lang.invoke.Invokers$Holder::linkToTargetMethod (9 bytes)
Event: 91.152 Thread 0x000000005ea2a000 nmethod 4174 0x0000000012a4cb90 code [0x0000000012a4cd40, 0x0000000012a4cdf8]
Event: 91.152 Thread 0x000000001dea8000 4175       3       java.lang.reflect.Constructor::checkCanSetAccessible (29 bytes)
Event: 91.152 Thread 0x000000001dea8000 nmethod 4175 0x000000000bba8d90 code [0x000000000bba8f60, 0x000000000bba9218]
Event: 91.154 Thread 0x000000005ea2a000 4176  s    4       java.io.ByteArrayInputStream::read (36 bytes)
Event: 91.155 Thread 0x000000005ea2a000 nmethod 4176 0x0000000012a4cf10 code [0x0000000012a4d0a0, 0x0000000012a4d2f8]
Event: 91.155 Thread 0x000000005ea2a000 4177       4       org.aspectj.weaver.bcel.AtAjAttributes::getAnnotation (55 bytes)

GC Heap History (20 events):
Event: 6.181 GC heap after
{Heap after GC invocations=5 (full 0):
 garbage-first heap   total 131072K, used 18066K [0x00000000e0000000, 0x0000000100000000)
  region size 1024K, 2 young (2048K), 2 survivors (2048K)
 Metaspace       used 20908K, capacity 21208K, committed 21296K, reserved 1069056K
  class space    used 2028K, capacity 2149K, committed 2176K, reserved 1048576K
}
Event: 7.304 GC heap before
{Heap before GC invocations=6 (full 0):
 garbage-first heap   total 131072K, used 63122K [0x00000000e0000000, 0x0000000100000000)
  region size 1024K, 46 young (47104K), 2 survivors (2048K)
 Metaspace       used 22656K, capacity 23062K, committed 23168K, reserved 1071104K
  class space    used 2237K, capacity 2363K, committed 2432K, reserved 1048576K
}
Event: 7.315 GC heap after
{Heap after GC invocations=7 (full 0):
 garbage-first heap   total 131072K, used 20684K [0x00000000e0000000, 0x0000000100000000)
  region size 1024K, 4 young (4096K), 4 survivors (4096K)
 Metaspace       used 22656K, capacity 23062K, committed 23168K, reserved 1071104K
  class space    used 2237K, capacity 2363K, committed 2432K, reserved 1048576K
}
Event: 10.214 GC heap before
{Heap before GC invocations=7 (full 0):
 garbage-first heap   total 131072K, used 71884K [0x00000000e0000000, 0x0000000100000000)
  region size 1024K, 54 young (55296K), 4 survivors (4096K)
 Metaspace       used 26625K, capacity 27494K, committed 27776K, reserved 1073152K
  class space    used 2810K, capacity 3128K, committed 3200K, reserved 1048576K
}
Event: 10.246 GC heap after
{Heap after GC invocations=8 (full 0):
 garbage-first heap   total 131072K, used 24924K [0x00000000e0000000, 0x0000000100000000)
  region size 1024K, 7 young (7168K), 7 survivors (7168K)
 Metaspace       used 26625K, capacity 27494K, committed 27776K, reserved 1073152K
  class space    used 2810K, capacity 3128K, committed 3200K, reserved 1048576K
}
Event: 21.641 GC heap before
{Heap before GC invocations=8 (full 0):
 garbage-first heap   total 131072K, used 77148K [0x00000000e0000000, 0x0000000100000000)
  region size 1024K, 58 young (59392K), 7 survivors (7168K)
 Metaspace       used 30454K, capacity 31371K, committed 31488K, reserved 1077248K
  class space    used 3231K, capacity 3567K, committed 3584K, reserved 1048576K
}
Event: 21.667 GC heap after
{Heap after GC invocations=9 (full 0):
 garbage-first heap   total 131072K, used 31191K [0x00000000e0000000, 0x0000000100000000)
  region size 1024K, 7 young (7168K), 7 survivors (7168K)
 Metaspace       used 30454K, capacity 31371K, committed 31488K, reserved 1077248K
  class space    used 3231K, capacity 3567K, committed 3584K, reserved 1048576K
}
Event: 24.395 GC heap before
{Heap before GC invocations=9 (full 0):
 garbage-first heap   total 131072K, used 82391K [0x00000000e0000000, 0x0000000100000000)
  region size 1024K, 57 young (58368K), 7 survivors (7168K)
 Metaspace       used 32247K, capacity 33146K, committed 33280K, reserved 1079296K
  class space    used 3447K, capacity 3820K, committed 3840K, reserved 1048576K
}
Event: 24.422 GC heap after
{Heap after GC invocations=10 (full 0):
 garbage-first heap   total 131072K, used 36686K [0x00000000e0000000, 0x0000000100000000)
  region size 1024K, 6 young (6144K), 6 survivors (6144K)
 Metaspace       used 32247K, capacity 33146K, committed 33280K, reserved 1079296K
  class space    used 3447K, capacity 3820K, committed 3840K, reserved 1048576K
}
Event: 30.204 GC heap before
{Heap before GC invocations=10 (full 0):
 garbage-first heap   total 131072K, used 87886K [0x00000000e0000000, 0x0000000100000000)
  region size 1024K, 56 young (57344K), 6 survivors (6144K)
 Metaspace       used 34015K, capacity 34923K, committed 35072K, reserved 1081344K
  class space    used 3660K, capacity 4029K, committed 4096K, reserved 1048576K
}
Event: 30.222 GC heap after
{Heap after GC invocations=11 (full 0):
 garbage-first heap   total 131072K, used 41591K [0x00000000e0000000, 0x0000000100000000)
  region size 1024K, 5 young (5120K), 5 survivors (5120K)
 Metaspace       used 34015K, capacity 34923K, committed 35072K, reserved 1081344K
  class space    used 3660K, capacity 4029K, committed 4096K, reserved 1048576K
}
Event: 36.175 GC heap before
{Heap before GC invocations=11 (full 0):
 garbage-first heap   total 131072K, used 47735K [0x00000000e0000000, 0x0000000100000000)
  region size 1024K, 12 young (12288K), 5 survivors (5120K)
 Metaspace       used 34891K, capacity 35883K, committed 35968K, reserved 1081344K
  class space    used 3752K, capacity 4157K, committed 4224K, reserved 1048576K
}
Event: 36.185 GC heap after
{Heap after GC invocations=12 (full 0):
 garbage-first heap   total 131072K, used 41971K [0x00000000e0000000, 0x0000000100000000)
  region size 1024K, 1 young (1024K), 1 survivors (1024K)
 Metaspace       used 34891K, capacity 35883K, committed 35968K, reserved 1081344K
  class space    used 3752K, capacity 4157K, committed 4224K, reserved 1048576K
}
Event: 36.975 GC heap before
{Heap before GC invocations=13 (full 0):
 garbage-first heap   total 131072K, used 91123K [0x00000000e0000000, 0x0000000100000000)
  region size 1024K, 49 young (50176K), 1 survivors (1024K)
 Metaspace       used 36786K, capacity 37785K, committed 37916K, reserved 1083392K
  class space    used 4004K, capacity 4409K, committed 4480K, reserved 1048576K
}
Event: 36.988 GC heap after
{Heap after GC invocations=14 (full 0):
 garbage-first heap   total 131072K, used 45427K [0x00000000e0000000, 0x0000000100000000)
  region size 1024K, 5 young (5120K), 5 survivors (5120K)
 Metaspace       used 36786K, capacity 37785K, committed 37916K, reserved 1083392K
  class space    used 4004K, capacity 4409K, committed 4480K, reserved 1048576K
}
Event: 43.112 GC heap before
{Heap before GC invocations=14 (full 0):
 garbage-first heap   total 131072K, used 93555K [0x00000000e0000000, 0x0000000100000000)
  region size 1024K, 52 young (53248K), 5 survivors (5120K)
 Metaspace       used 39362K, capacity 40535K, committed 40732K, reserved 1085440K
  class space    used 4378K, capacity 4867K, committed 4992K, reserved 1048576K
}
Event: 43.132 GC heap after
{Heap after GC invocations=15 (full 0):
 garbage-first heap   total 131072K, used 48953K [0x00000000e0000000, 0x0000000100000000)
  region size 1024K, 4 young (4096K), 4 survivors (4096K)
 Metaspace       used 39362K, capacity 40535K, committed 40732K, reserved 1085440K
  class space    used 4378K, capacity 4867K, committed 4992K, reserved 1048576K
}
Event: 45.473 GC heap before
{Heap before GC invocations=15 (full 0):
 garbage-first heap   total 131072K, used 84793K [0x00000000e0000000, 0x0000000100000000)
  region size 1024K, 40 young (40960K), 4 survivors (4096K)
 Metaspace       used 40827K, capacity 42013K, committed 42140K, reserved 1087488K
  class space    used 4581K, capacity 5061K, committed 5120K, reserved 1048576K
}
Event: 45.482 GC heap after
{Heap after GC invocations=16 (full 0):
 garbage-first heap   total 131072K, used 51303K [0x00000000e0000000, 0x0000000100000000)
  region size 1024K, 6 young (6144K), 6 survivors (6144K)
 Metaspace       used 40827K, capacity 42013K, committed 42140K, reserved 1087488K
  class space    used 4581K, capacity 5061K, committed 5120K, reserved 1048576K
}
Event: 91.162 GC heap before
{Heap before GC invocations=17 (full 0):
 garbage-first heap   total 131072K, used 115815K [0x00000000e0000000, 0x0000000100000000)
  region size 1024K, 52 young (53248K), 6 survivors (6144K)
 Metaspace       used 42831K, capacity 44121K, committed 44316K, reserved 1087488K
  class space    used 4868K, capacity 5379K, committed 5504K, reserved 1048576K
}

Deoptimization events (20 events):
Event: 80.567 Thread 0x000000006022c000 Uncommon trap: trap_request=0xffffffde fr.pc=0x000000001278b9f8 relative=0x0000000000000238
Event: 80.567 Thread 0x000000006022c000 Uncommon trap: reason=class_check action=maybe_recompile pc=0x000000001278b9f8 method=java.nio.DirectByteBuffer.<init>(Lsun/nio/ch/DirectBuffer;IIIII)V @ 12 c2
Event: 80.567 Thread 0x000000006022c000 DEOPT PACKING pc=0x000000001278b9f8 sp=0x0000000069a1d940
Event: 80.567 Thread 0x000000006022c000 DEOPT UNPACKING pc=0x000000000ac6a1af sp=0x0000000069a1d938 mode 2
Event: 80.571 Thread 0x000000006110c800 Uncommon trap: trap_request=0xffffffde fr.pc=0x00000000129d6150 relative=0x0000000000000110
Event: 80.571 Thread 0x000000006110c800 Uncommon trap: reason=class_check action=maybe_recompile pc=0x00000000129d6150 method=org.openqa.selenium.json.Input.fill()Z @ 85 c2
Event: 80.571 Thread 0x000000006110c800 DEOPT PACKING pc=0x00000000129d6150 sp=0x0000000062689180
Event: 80.571 Thread 0x000000006110c800 DEOPT UNPACKING pc=0x000000000ac6a1af sp=0x0000000062689100 mode 2
Event: 80.761 Thread 0x000000006022c800 Uncommon trap: trap_request=0xffffff4d fr.pc=0x000000001274bac4 relative=0x0000000000000224
Event: 80.761 Thread 0x000000006022c800 Uncommon trap: reason=unstable_if action=reinterpret pc=0x000000001274bac4 method=java.io.ByteArrayInputStream.read()I @ 8 c2
Event: 80.761 Thread 0x000000006022c800 DEOPT PACKING pc=0x000000001274bac4 sp=0x000000006867ec20
Event: 80.761 Thread 0x000000006022c800 DEOPT UNPACKING pc=0x000000000ac6a1af sp=0x000000006867ebd8 mode 2
Event: 80.872 Thread 0x000000006110c800 Uncommon trap: trap_request=0xffffffde fr.pc=0x00000000129d6150 relative=0x0000000000000110
Event: 80.872 Thread 0x000000006110c800 Uncommon trap: reason=class_check action=maybe_recompile pc=0x00000000129d6150 method=org.openqa.selenium.json.Input.fill()Z @ 85 c2
Event: 80.872 Thread 0x000000006110c800 DEOPT PACKING pc=0x00000000129d6150 sp=0x0000000062689140
Event: 80.872 Thread 0x000000006110c800 DEOPT UNPACKING pc=0x000000000ac6a1af sp=0x00000000626890c0 mode 2
Event: 80.882 Thread 0x000000006110c800 Uncommon trap: trap_request=0xffffffde fr.pc=0x00000000129d6150 relative=0x0000000000000110
Event: 80.882 Thread 0x000000006110c800 Uncommon trap: reason=class_check action=maybe_recompile pc=0x00000000129d6150 method=org.openqa.selenium.json.Input.fill()Z @ 85 c2
Event: 80.882 Thread 0x000000006110c800 DEOPT PACKING pc=0x00000000129d6150 sp=0x0000000062689150
Event: 80.883 Thread 0x000000006110c800 DEOPT UNPACKING pc=0x000000000ac6a1af sp=0x00000000626890d0 mode 2

Classes redefined (0 events):
No events

Internal exceptions (20 events):
Event: 37.825 Thread 0x0000000064433800 Exception <a 'java/lang/NoSuchMethodError'{0x00000000e7745f18}: 'java.lang.Object java.lang.invoke.DirectMethodHandle$Holder.invokeStatic(java.lang.Object, long)'> (0x00000000e7745f18) thrown at [./src/hotspot/share/interpreter/linkResolver.cpp, line 773]
Event: 37.881 Thread 0x0000000064433800 Exception <a 'java/lang/NoSuchMethodError'{0x00000000e76572e0}: 'java.lang.Object java.lang.invoke.DirectMethodHandle$Holder.invokeStaticInit(java.lang.Object, java.lang.Object, long, java.lang.Object)'> (0x00000000e76572e0) thrown at [./src/hotspot/share/interpreter/linkResolver.cpp, line 773]
Event: 37.881 Thread 0x0000000064433800 Exception <a 'java/lang/NoSuchMethodError'{0x00000000e765cd48}: 'java.lang.Object java.lang.invoke.DirectMethodHandle$Holder.invokeStatic(java.lang.Object, java.lang.Object, long)'> (0x00000000e765cd48) thrown at [./src/hotspot/share/interpreter/linkResolver.cpp, line 773]
Event: 37.882 Thread 0x0000000064433800 Exception <a 'java/lang/NoSuchMethodError'{0x00000000e7663018}: 'java.lang.Object java.lang.invoke.Invokers$Holder.linkToTargetMethod(java.lang.Object, long, java.lang.Object)'> (0x00000000e7663018) thrown at [./src/hotspot/share/interpreter/linkResolver.cpp, line 773]
Event: 39.098 Thread 0x0000000064a8c800 Exception <a 'java/net/SocketTimeoutException'{0x00000000e7629df8}: connect timed out> (0x00000000e7629df8) thrown at [./src/hotspot/share/prims/jni.cpp, line 638]
Event: 39.665 Thread 0x0000000064a8c800 Exception <a 'java/net/SocketTimeoutException'{0x00000000e762b610}: connect timed out> (0x00000000e762b610) thrown at [./src/hotspot/share/prims/jni.cpp, line 638]
Event: 40.186 Thread 0x0000000064a8c800 Exception <a 'java/net/SocketTimeoutException'{0x00000000e762c588}: connect timed out> (0x00000000e762c588) thrown at [./src/hotspot/share/prims/jni.cpp, line 638]
Event: 40.726 Thread 0x0000000064a8c800 Exception <a 'java/net/SocketTimeoutException'{0x00000000e762d8c8}: connect timed out> (0x00000000e762d8c8) thrown at [./src/hotspot/share/prims/jni.cpp, line 638]
Event: 41.307 Thread 0x0000000064a8c800 Exception <a 'java/net/SocketTimeoutException'{0x00000000e762e840}: connect timed out> (0x00000000e762e840) thrown at [./src/hotspot/share/prims/jni.cpp, line 638]
Event: 42.397 Thread 0x000000006110c800 Exception <a 'java/lang/NoSuchMethodError'{0x00000000e73b88f8}: 'double java.lang.invoke.DirectMethodHandle$Holder.invokeVirtual(java.lang.Object, java.lang.Object)'> (0x00000000e73b88f8) thrown at [./src/hotspot/share/interpreter/linkResolver.cpp, line 773]
Event: 42.398 Thread 0x000000006110c800 Exception <a 'java/lang/NoSuchMethodError'{0x00000000e73beeb0}: 'float java.lang.invoke.DirectMethodHandle$Holder.invokeVirtual(java.lang.Object, java.lang.Object)'> (0x00000000e73beeb0) thrown at [./src/hotspot/share/interpreter/linkResolver.cpp, line 773]
Event: 42.398 Thread 0x000000006110c800 Exception <a 'java/lang/NoSuchMethodError'{0x00000000e73c7ba0}: 'long java.lang.invoke.DirectMethodHandle$Holder.invokeVirtual(java.lang.Object, java.lang.Object)'> (0x00000000e73c7ba0) thrown at [./src/hotspot/share/interpreter/linkResolver.cpp, line 773]
Event: 42.560 Thread 0x000000006110c800 Exception <a 'java/lang/NoSuchMethodError'{0x00000000e6ef88a8}: 'void java.lang.invoke.DirectMethodHandle$Holder.invokeStatic(java.lang.Object, java.lang.Object, int)'> (0x00000000e6ef88a8) thrown at [./src/hotspot/share/interpreter/linkResolver.cpp, line 773]
Event: 42.740 Thread 0x000000006110c800 Exception <a 'java/lang/NoSuchMethodError'{0x00000000e66e7538}: 'int java.lang.invoke.DirectMethodHandle$Holder.invokeSpecialIFC(java.lang.Object, java.lang.Object, java.lang.Object)'> (0x00000000e66e7538) thrown at [./src/hotspot/share/interpreter/linkResolver.cpp, line 773]
Event: 80.425 Thread 0x000000006110c800 Exception <a 'java/lang/NoSuchMethodError'{0x00000000e6c15568}: 'java.lang.Object java.lang.invoke.DirectMethodHandle$Holder.invokeSpecialIFC(java.lang.Object, java.lang.Object, java.lang.Object)'> (0x00000000e6c15568) thrown at [./src/hotspot/share/interpreter/linkResolver.cpp, line 773]
Event: 80.468 Thread 0x000000006110c800 Exception <a 'java/lang/ClassNotFoundException'{0x00000000e6b781f0}: sun/util/logging/resources/spi/loggingProvider> (0x00000000e6b781f0) thrown at [./src/hotspot/share/classfile/systemDictionary.cpp, line 230]
Event: 91.146 Thread 0x000000006110c800 Exception <a 'java/lang/IncompatibleClassChangeError'{0x00000000e4dc10f8}: Found class java.lang.Object, but interface was expected> (0x00000000e4dc10f8) thrown at [./src/hotspot/share/interpreter/linkResolver.cpp, line 839]
Event: 91.146 Thread 0x000000006110c800 Exception <a 'java/lang/IncompatibleClassChangeError'{0x00000000e4dc48d8}: Found class java.lang.Object, but interface was expected> (0x00000000e4dc48d8) thrown at [./src/hotspot/share/interpreter/linkResolver.cpp, line 839]
Event: 91.148 Thread 0x000000006110c800 Exception <a 'java/lang/IncompatibleClassChangeError'{0x00000000e4dca4c0}: Found class java.lang.Object, but interface was expected> (0x00000000e4dca4c0) thrown at [./src/hotspot/share/interpreter/linkResolver.cpp, line 839]
Event: 91.148 Thread 0x000000006110c800 Exception <a 'java/lang/IncompatibleClassChangeError'{0x00000000e4dcdc28}: Found class java.lang.Object, but interface was expected> (0x00000000e4dcdc28) thrown at [./src/hotspot/share/interpreter/linkResolver.cpp, line 839]

Events (20 events):
Event: 91.153 loading class ru/netology/page/PurchasePage done
Event: 91.155 loading class com/codeborne/selenide/Selectors
Event: 91.155 loading class com/codeborne/selenide/Selectors done
Event: 91.155 loading class com/codeborne/selenide/selector/ByText
Event: 91.155 loading class com/codeborne/selenide/selector/ByText done
Event: 91.157 loading class com/codeborne/selenide/selector/WithText
Event: 91.157 loading class com/codeborne/selenide/selector/WithText done
Event: 91.157 loading class com/codeborne/selenide/selector/ByAttribute
Event: 91.157 loading class com/codeborne/selenide/selector/ByAttribute done
Event: 91.158 loading class com/codeborne/selenide/selector/WithTextCaseInsensitive
Event: 91.158 loading class com/codeborne/selenide/selector/WithTextCaseInsensitive done
Event: 91.159 loading class com/codeborne/selenide/selector/OptimizedBy
Event: 91.159 loading class com/codeborne/selenide/selector/OptimizedBy done
Event: 91.159 loading class com/codeborne/selenide/selector/ByTextCaseInsensitive
Event: 91.159 loading class com/codeborne/selenide/selector/ByTextCaseInsensitive done
Event: 91.160 loading class org/openqa/selenium/support/ui/Quotes
Event: 91.160 loading class org/openqa/selenium/support/ui/Quotes done
Event: 91.160 loading class com/codeborne/selenide/ex/ElementNotFound
Event: 91.160 loading class com/codeborne/selenide/ex/ElementNotFound done
Event: 91.161 Executing VM operation: G1CollectForAllocation


Dynamic libraries:
0x000000013fc10000 - 0x000000013fc1d000 	C:\Program Files\Eclipse Adoptium\jdk-11.0.18.10-hotspot\bin\java.exe
0x0000000076cd0000 - 0x0000000076e79000 	C:\Windows\SYSTEM32\ntdll.dll
0x0000000076bb0000 - 0x0000000076ccf000 	C:\Windows\system32\kernel32.dll
0x000007fefcc50000 - 0x000007fefccbb000 	C:\Windows\system32\KERNELBASE.dll
0x000007feddf20000 - 0x000007feddf37000 	C:\Program Files\Eclipse Adoptium\jdk-11.0.18.10-hotspot\bin\jli.dll
0x000007fefb2b0000 - 0x000007fefb4a4000 	C:\Windows\WinSxS\amd64_microsoft.windows.common-controls_6595b64144ccf1df_6.0.7601.17514_none_fa396087175ac9ac\COMCTL32.dll
0x000007fefeda0000 - 0x000007fefee3f000 	C:\Windows\system32\msvcrt.dll
0x000007fefda00000 - 0x000007fefda67000 	C:\Windows\system32\GDI32.dll
0x0000000076ab0000 - 0x0000000076baa000 	C:\Windows\system32\USER32.dll
0x000007fefdb50000 - 0x000007fefdb5e000 	C:\Windows\system32\LPK.dll
0x000007fefd8b0000 - 0x000007fefd979000 	C:\Windows\system32\USP10.dll
0x000007fefd980000 - 0x000007fefd9f1000 	C:\Windows\system32\SHLWAPI.dll
0x000007feddf40000 - 0x000007feddf59000 	C:\Program Files\Eclipse Adoptium\jdk-11.0.18.10-hotspot\bin\VCRUNTIME140.dll
0x000007feddf10000 - 0x000007feddf14000 	C:\Program Files\Eclipse Adoptium\jdk-11.0.18.10-hotspot\bin\api-ms-win-crt-runtime-l1-1-0.dll
0x000007fed92f0000 - 0x000007fed93ea000 	C:\Program Files\Eclipse Adoptium\jdk-11.0.18.10-hotspot\bin\ucrtbase.DLL
0x000007fedde50000 - 0x000007fedde53000 	C:\Program Files\Eclipse Adoptium\jdk-11.0.18.10-hotspot\bin\api-ms-win-core-localization-l1-2-0.dll
0x000007fedde40000 - 0x000007fedde43000 	C:\Program Files\Eclipse Adoptium\jdk-11.0.18.10-hotspot\bin\api-ms-win-core-processthreads-l1-1-1.dll
0x000007fedde30000 - 0x000007fedde33000 	C:\Program Files\Eclipse Adoptium\jdk-11.0.18.10-hotspot\bin\api-ms-win-core-file-l1-2-0.dll
0x000007fedde20000 - 0x000007fedde23000 	C:\Program Files\Eclipse Adoptium\jdk-11.0.18.10-hotspot\bin\api-ms-win-core-timezone-l1-1-0.dll
0x000007fedade0000 - 0x000007fedade3000 	C:\Program Files\Eclipse Adoptium\jdk-11.0.18.10-hotspot\bin\api-ms-win-core-file-l2-1-0.dll
0x000007fedadd0000 - 0x000007fedadd3000 	C:\Program Files\Eclipse Adoptium\jdk-11.0.18.10-hotspot\bin\api-ms-win-core-synch-l1-2-0.dll
0x000007fedadc0000 - 0x000007fedadc3000 	C:\Program Files\Eclipse Adoptium\jdk-11.0.18.10-hotspot\bin\api-ms-win-crt-heap-l1-1-0.dll
0x000007fedadb0000 - 0x000007fedadb4000 	C:\Program Files\Eclipse Adoptium\jdk-11.0.18.10-hotspot\bin\api-ms-win-crt-string-l1-1-0.dll
0x000007fedada0000 - 0x000007fedada4000 	C:\Program Files\Eclipse Adoptium\jdk-11.0.18.10-hotspot\bin\api-ms-win-crt-stdio-l1-1-0.dll
0x000007fedad90000 - 0x000007fedad94000 	C:\Program Files\Eclipse Adoptium\jdk-11.0.18.10-hotspot\bin\api-ms-win-crt-convert-l1-1-0.dll
0x000007fedad80000 - 0x000007fedad83000 	C:\Program Files\Eclipse Adoptium\jdk-11.0.18.10-hotspot\bin\api-ms-win-crt-environment-l1-1-0.dll
0x000007fedad70000 - 0x000007fedad73000 	C:\Program Files\Eclipse Adoptium\jdk-11.0.18.10-hotspot\bin\api-ms-win-crt-filesystem-l1-1-0.dll
0x000007fed96f0000 - 0x000007fed96f5000 	C:\Program Files\Eclipse Adoptium\jdk-11.0.18.10-hotspot\bin\api-ms-win-crt-math-l1-1-0.dll
0x000007fed96e0000 - 0x000007fed96e3000 	C:\Program Files\Eclipse Adoptium\jdk-11.0.18.10-hotspot\bin\api-ms-win-crt-locale-l1-1-0.dll
0x000007fefeea0000 - 0x000007fefeece000 	C:\Windows\system32\IMM32.DLL
0x000007fefd1f0000 - 0x000007fefd2f9000 	C:\Windows\system32\MSCTF.dll
0x000007fed96d0000 - 0x000007fed96dc000 	C:\Program Files\Eclipse Adoptium\jdk-11.0.18.10-hotspot\bin\vcruntime140_1.dll
0x000007fed9450000 - 0x000007fed94e1000 	C:\Program Files\Eclipse Adoptium\jdk-11.0.18.10-hotspot\bin\msvcp140.dll
0x000007fed95b0000 - 0x000007fed95b3000 	C:\Program Files\Eclipse Adoptium\jdk-11.0.18.10-hotspot\bin\api-ms-win-crt-time-l1-1-0.dll
0x000007fed9590000 - 0x000007fed9593000 	C:\Program Files\Eclipse Adoptium\jdk-11.0.18.10-hotspot\bin\api-ms-win-crt-utility-l1-1-0.dll
0x000007fecd070000 - 0x000007fecdc2a000 	C:\Program Files\Eclipse Adoptium\jdk-11.0.18.10-hotspot\bin\server\jvm.dll
0x000007fefce40000 - 0x000007fefcf1b000 	C:\Windows\system32\ADVAPI32.dll
0x000007fefefc0000 - 0x000007fefefdf000 	C:\Windows\SYSTEM32\sechost.dll
0x000007fefd300000 - 0x000007fefd42d000 	C:\Windows\system32\RPCRT4.dll
0x000007fed64b0000 - 0x000007fed64b9000 	C:\Windows\system32\WSOCK32.dll
0x000007fefeed0000 - 0x000007fefef1d000 	C:\Windows\system32\WS2_32.dll
0x000007fefd430000 - 0x000007fefd438000 	C:\Windows\system32\NSI.dll
0x000007fefa560000 - 0x000007fefa59b000 	C:\Windows\system32\WINMM.dll
0x000007fefb7a0000 - 0x000007fefb7ac000 	C:\Windows\system32\VERSION.dll
0x0000000076ea0000 - 0x0000000076ea7000 	C:\Windows\system32\PSAPI.DLL
0x000007fed9440000 - 0x000007fed9450000 	C:\Program Files\Eclipse Adoptium\jdk-11.0.18.10-hotspot\bin\verify.dll
0x000007fef5be0000 - 0x000007fef5d05000 	C:\Windows\system32\DBGHELP.DLL
0x000007fed9410000 - 0x000007fed9438000 	C:\Program Files\Eclipse Adoptium\jdk-11.0.18.10-hotspot\bin\java.dll
0x000007fed9400000 - 0x000007fed940a000 	C:\Program Files\Eclipse Adoptium\jdk-11.0.18.10-hotspot\bin\jimage.dll
0x000007fefb290000 - 0x000007fefb29e000 	C:\Program Files\Eclipse Adoptium\jdk-11.0.18.10-hotspot\bin\instrument.dll
0x000007fed92d0000 - 0x000007fed92e8000 	C:\Program Files\Eclipse Adoptium\jdk-11.0.18.10-hotspot\bin\zip.dll
0x000007fefdd70000 - 0x000007fefeaf8000 	C:\Windows\system32\SHELL32.dll
0x000007fefdb60000 - 0x000007fefdd63000 	C:\Windows\system32\ole32.dll
0x000007fefca80000 - 0x000007fefca8f000 	C:\Windows\system32\profapi.dll
0x000007fed92b0000 - 0x000007fed92c9000 	C:\Program Files\Eclipse Adoptium\jdk-11.0.18.10-hotspot\bin\net.dll
0x000007fef8b50000 - 0x000007fef8bc1000 	C:\Windows\system32\WINHTTP.dll
0x000007fef8ae0000 - 0x000007fef8b44000 	C:\Windows\system32\webio.dll
0x000007fefbf00000 - 0x000007fefbf55000 	C:\Windows\system32\mswsock.dll
0x000007fefbef0000 - 0x000007fefbef7000 	C:\Windows\System32\wship6.dll
0x000007fed9290000 - 0x000007fed92a3000 	C:\Program Files\Eclipse Adoptium\jdk-11.0.18.10-hotspot\bin\nio.dll
0x000007fefbf60000 - 0x000007fefbf77000 	C:\Windows\system32\CRYPTSP.dll
0x00000000747b0000 - 0x00000000747c1000 	C:\Program Files\Common Files\Crypto Pro\AppCompat\cpadvai.dll
0x000007fefcad0000 - 0x000007fefcc37000 	C:\Windows\system32\CRYPT32.dll
0x000007fefca90000 - 0x000007fefca9f000 	C:\Windows\system32\MSASN1.dll
0x00000000747e0000 - 0x00000000747ff000 	C:\Program Files\Common Files\Crypto Pro\AppCompat\cpcrypt.dll
0x00000000747d0000 - 0x00000000747d7000 	C:\Program Files\Common Files\Crypto Pro\AppCompat\detoured.dll
0x000007fefbcc0000 - 0x000007fefbd07000 	C:\Windows\system32\rsaenh.dll
0x000007fefcd00000 - 0x000007fefcd1e000 	C:\Windows\system32\USERENV.dll
0x000007fefc920000 - 0x000007fefc92f000 	C:\Windows\system32\CRYPTBASE.dll
0x000007fef9940000 - 0x000007fef9967000 	C:\Windows\system32\IPHLPAPI.DLL
0x000007fef99e0000 - 0x000007fef99eb000 	C:\Windows\system32\WINNSI.DLL
0x000007fef9910000 - 0x000007fef9921000 	C:\Windows\system32\dhcpcsvc6.DLL
0x000007fef9890000 - 0x000007fef98a8000 	C:\Windows\system32\dhcpcsvc.DLL
0x000007fefa500000 - 0x000007fefa515000 	C:\Windows\system32\NLAapi.dll
0x000007fef7690000 - 0x000007fef76a5000 	C:\Windows\system32\napinsp.dll
0x000007fef76b0000 - 0x000007fef76c9000 	C:\Windows\system32\pnrpnsp.dll
0x000007fefbd80000 - 0x000007fefbddb000 	C:\Windows\system32\DNSAPI.dll
0x000007fef7680000 - 0x000007fef768b000 	C:\Windows\System32\winrnr.dll
0x000007fefb8e0000 - 0x000007fefb8e7000 	C:\Windows\System32\wshtcpip.dll
0x000007fef80c0000 - 0x000007fef80c8000 	C:\Windows\system32\rasadhlp.dll
0x000007fef9980000 - 0x000007fef99d3000 	C:\Windows\System32\fwpuclnt.dll
0x000007fef9e50000 - 0x000007fef9e59000 	C:\Program Files\Eclipse Adoptium\jdk-11.0.18.10-hotspot\bin\management.dll
0x000007fef9e40000 - 0x000007fef9e4b000 	C:\Program Files\Eclipse Adoptium\jdk-11.0.18.10-hotspot\bin\management_ext.dll
0x000007feda050000 - 0x000007feda05e000 	C:\Program Files\Eclipse Adoptium\jdk-11.0.18.10-hotspot\bin\sunmscapi.dll
0x000007fefc400000 - 0x000007fefc44e000 	C:\Windows\system32\ncrypt.dll
0x000007fefc3d0000 - 0x000007fefc3f2000 	C:\Windows\system32\bcrypt.dll
0x000007feda020000 - 0x000007feda047000 	C:\Program Files\Eclipse Adoptium\jdk-11.0.18.10-hotspot\bin\sunec.dll
0x000007fefc8c0000 - 0x000007fefc917000 	C:\Windows\system32\apphelp.dll

dbghelp: loaded successfully - version: 4.0.5 - missing functions: none
symbol engine: initialized successfully - sym options: 0x614 - pdb path: .;C:\Program Files\Eclipse Adoptium\jdk-11.0.18.10-hotspot\bin;C:\Windows\SYSTEM32;C:\Windows\WinSxS\amd64_microsoft.windows.common-controls_6595b64144ccf1df_6.0.7601.17514_none_fa396087175ac9ac;C:\Program Files\Eclipse Adoptium\jdk-11.0.18.10-hotspot\bin\server;C:\Program Files\Common Files\Crypto Pro\AppCompat

VM Arguments:
jvm_args: -Dallure.results.directory=D:\DiplomBuyingTour\build\allure-results -Ddatasource=jdbc:mysql://185.119.57.164:3306/base_mysql -Djunit.jupiter.extensions.autodetection.enabled=true -Dorg.gradle.internal.worker.tmpdir=D:\DiplomBuyingTour\build\tmp\test\work -Dorg.gradle.native=false -Dselenide.headless -javaagent:C:\Users\Economist\.gradle\caches\modules-2\files-2.1\org.aspectj\aspectjweaver\1.9.5\1740dc9140103b796d1722668805fd4cf852780c\aspectjweaver-1.9.5.jar --add-opens=java.base/java.util=ALL-UNNAMED --add-opens=java.base/java.lang=ALL-UNNAMED -Xmx512m -Dfile.encoding=windows-1251 -Duser.country=RU -Duser.language=ru -Duser.variant -ea 
java_command: worker.org.gradle.process.internal.worker.GradleWorkerMain 'Gradle Test Executor 3'
java_class_path (initial): C:\\Users\\Economist\\.gradle\\caches\\7.1\\workerMain\\gradle-worker.jar;D:\\DiplomBuyingTour\\build\\classes\\java\\test;D:\\DiplomBuyingTour\\build\\resources\\test;D:\\DiplomBuyingTour\\build\\classes\\java\\main;D:\\DiplomBuyingTour\\build\\resources\\main;C:\\Users\\Economist\\.gradle\\caches\\modules-2\\files-2.1\\org.junit.jupiter\\junit-jupiter-params\\5.8.2\\ddeafe92fc263f895bfb73ffeca7fd56e23c2cce\\junit-jupiter-params-5.8.2.jar;C:\\Users\\Economist\\.gradle\\caches\\modules-2\\files-2.1\\org.junit.jupiter\\junit-jupiter-engine\\5.8.2\\c598b4328d2f397194d11df3b1648d68d7d990e3\\junit-jupiter-engine-5.8.2.jar;C:\\Users\\Economist\\.gradle\\caches\\modules-2\\files-2.1\\io.qameta.allure\\allure-junit5\\2.17.2\\612e89bd8a5c86bed4254c2ef42e7ae3c13af857\\allure-junit5-2.17.2.jar;C:\\Users\\Economist\\.gradle\\caches\\modules-2\\files-2.1\\io.qameta.allure\\allure-junit-platform\\2.17.2\\71a067b97945038ea5c94e2338576f06a72e44d8\\allure-junit-platform-2.17.2.jar;C:\\Users\\Economist\\.gradle\\caches\\modules-2\\files-2.1\\org.junit.jupiter\\junit-jupiter-api\\5.8.2\\4c21029217adf07e4c0d0c5e192b6bf610c94bdc\\junit-jupiter-api-5.8.2.jar;C:\\Users\\Economist\\.gradle\\caches\\modules-2\\files-2.1\\org.junit.platform\\junit-platform-launcher\\1.8.2\\c334fcee82b81311ab5c426ec2d52d467c8d0b28\\junit-platform-launcher-1.8.2.jar;C:\\Users\\Economist\\.gradle\\caches\\modules-2\\files-2.1\\org.junit.platform\\junit-platform-engine\\1.8.2\\b737de09f19864bd136805c84df7999a142fec29\\junit-platform-engine-1.8.2.jar;C:\\Users\\Economist\\.gradle\\caches\\modules-2\\files-2.1\\org.junit.platform\\junit-platform-commons\\1.8.2\\32c8b8617c1342376fd5af2053da6410d8866861\\junit-platform-commons-1.8.2.jar;C:\\Users\\Economist\\.gradle\\caches\\modules-2\\files-2.1\\org.junit.jupiter\\junit-jupiter\\5.8.2\\5a817b1e63f1217e5c586090c45e681281f097ad\\junit-jupiter-5.8.2.jar;C:\\Users\\Economist\\.gradle\\caches\\modules-2\\files-2.1\\com.codeborne\\selenide\\
Launcher Type: SUN_STANDARD

[Global flags]
     intx CICompilerCount                          = 3                                         {product} {ergonomic}
     uint ConcGCThreads                            = 1                                         {product} {ergonomic}
     uint G1ConcRefinementThreads                  = 4                                         {product} {ergonomic}
   size_t G1HeapRegionSize                         = 1048576                                   {product} {ergonomic}
    uintx GCDrainStackTargetSize                   = 64                                        {product} {ergonomic}
   size_t InitialHeapSize                          = 134217728                                 {product} {ergonomic}
   size_t MarkStackSize                            = 4194304                                   {product} {ergonomic}
   size_t MaxHeapSize                              = 536870912                                 {product} {command line}
   size_t MaxNewSize                               = 321912832                                 {product} {ergonomic}
   size_t MinHeapDeltaBytes                        = 1048576                                   {product} {ergonomic}
    uintx NonNMethodCodeHeapSize                   = 5830732                                {pd product} {ergonomic}
    uintx NonProfiledCodeHeapSize                  = 122913754                              {pd product} {ergonomic}
    uintx ProfiledCodeHeapSize                     = 122913754                              {pd product} {ergonomic}
    uintx ReservedCodeCacheSize                    = 251658240                              {pd product} {ergonomic}
     bool SegmentedCodeCache                       = true                                      {product} {ergonomic}
     bool UseCompressedClassPointers               = true                                 {lp64_product} {ergonomic}
     bool UseCompressedOops                        = true                                 {lp64_product} {ergonomic}
     bool UseG1GC                                  = true                                      {product} {ergonomic}
     bool UseLargePagesIndividualAllocation        = false                                  {pd product} {ergonomic}

Logging:
Log output configuration:
 #0: stdout all=warning uptime,level,tags
 #1: stderr all=off uptime,level,tags

Environment Variables:
CLASSPATH=.;C:\Program Files (x86)\QuickTime\QTSystem\QTJava.zip
PATH=C:\Program Files\Eclipse Adoptium\jdk-11.0.18.10-hotspot\bin;C:\ProgramData\Oracle\Java\javapath;C:\FkClnt1\USER;C:\FkClnt1\SYSTEM;C:\Program Files (x86)\Intel\iCLS Client\;C:\Program Files\Intel\iCLS Client\;C:\Windows\system32;C:\Windows;C:\Windows\System32\Wbem;C:\Windows\System32\WindowsPowerShell\v1.0\;C:\Program Files\Intel\Intel(R) Management Engine Components\DAL;C:\Program Files (x86)\Intel\Intel(R) Management Engine Components\DAL;C:\Program Files\Intel\Intel(R) Management Engine Components\IPT;C:\Program Files (x86)\Intel\Intel(R) Management Engine Components\IPT;C:\Program Files (x86)\ATI Technologies\ATI.ACE\Core-Static;C:\Program Files (x86)\Common Files\Ulead Systems\MPEG;C:\Program Files (x86)\QuickTime\QTSystem\;C:\Program Files\Git\cmd;C:\Program Files\PuTTY\;;C:\Program Files\Docker Toolbox
USERNAME=Economist
OS=Windows_NT
PROCESSOR_IDENTIFIER=Intel64 Family 6 Model 60 Stepping 3, GenuineIntel
TMP=C:\Users\ECONOM~1\AppData\Local\Temp
TEMP=C:\Users\ECONOM~1\AppData\Local\Temp



---------------  S Y S T E M  ---------------

OS: Windows 7 , 64 bit Build 7601 (6.1.7601.18015)
OS uptime: 0 days 6:34 hours

CPU:total 4 (initial active 4) (2 cores per cpu, 2 threads per core) family 6 model 60 stepping 3 microcode 0x0, cmov, cx8, fxsr, mmx, sse, sse2, sse3, ssse3, sse4.1, sse4.2, popcnt, avx, avx2, aes, clmul, erms, lzcnt, ht, tsc, tscinvbit, bmi1, bmi2, fma

Memory: 4k page, system-wide physical 8070M (421M free)
TotalPageFile size 16138M (AvailPageFile size 2025M)
current process WorkingSet (physical memory assigned to process): 294M, peak: 320M
current process commit charge ("private bytes"): 331M, peak: 357M

vm_info: OpenJDK 64-Bit Server VM (11.0.18+10) for windows-amd64 JRE (11.0.18+10), built on Jan 18 2023 04:27:27 by "" with MS VC++ 16.7 (VS2019)

END.
